This is pdfTeX, Version 3.14159265-2.6-1.40.18 (TeX Live 2017) (preloaded format=pdflatex 2017.5.23)  2 NOV 2022 09:28
entering extended mode
 restricted \write18 enabled.
 %&-line parsing enabled.
**kmeans.tex
(./kmeans.tex
LaTeX2e <2017-04-15>
Babel <3.10> and hyphenation patterns for 84 language(s) loaded.
(/usr/local/texlive/2017/texmf-dist/tex/latex/base/article.cls
Document Class: article 2014/09/29 v1.4h Standard LaTeX document class
(/usr/local/texlive/2017/texmf-dist/tex/latex/base/size11.clo
File: size11.clo 2014/09/29 v1.4h Standard LaTeX file (size option)
)
\c@part=\count79
\c@section=\count80
\c@subsection=\count81
\c@subsubsection=\count82
\c@paragraph=\count83
\c@subparagraph=\count84
\c@figure=\count85
\c@table=\count86
\abovecaptionskip=\skip41
\belowcaptionskip=\skip42
\bibindent=\dimen102
)
(/usr/local/texlive/2017/texmf-dist/tex/latex/wrapfig/wrapfig.sty
\wrapoverhang=\dimen103
\WF@size=\dimen104
\c@WF@wrappedlines=\count87
\WF@box=\box26
\WF@everypar=\toks14
Package: wrapfig 2003/01/31  v 3.6
)
(/usr/local/texlive/2017/texmf-dist/tex/latex/graphics/epsfig.sty
Package: epsfig 1999/02/16 v1.7a (e)psfig emulation (SPQR)

(/usr/local/texlive/2017/texmf-dist/tex/latex/graphics/graphicx.sty
Package: graphicx 2014/10/28 v1.0g Enhanced LaTeX Graphics (DPC,SPQR)

(/usr/local/texlive/2017/texmf-dist/tex/latex/graphics/keyval.sty
Package: keyval 2014/10/28 v1.15 key=value parser (DPC)
\KV@toks@=\toks15
)
(/usr/local/texlive/2017/texmf-dist/tex/latex/graphics/graphics.sty
Package: graphics 2017/04/14 v1.1b Standard LaTeX Graphics (DPC,SPQR)

(/usr/local/texlive/2017/texmf-dist/tex/latex/graphics/trig.sty
Package: trig 2016/01/03 v1.10 sin cos tan (DPC)
)
(/usr/local/texlive/2017/texmf-dist/tex/latex/graphics-cfg/graphics.cfg
File: graphics.cfg 2016/06/04 v1.11 sample graphics configuration
)
Package graphics Info: Driver file: pdftex.def on input line 99.

(/usr/local/texlive/2017/texmf-dist/tex/latex/graphics-def/pdftex.def
File: pdftex.def 2017/01/12 v0.06k Graphics/color for pdfTeX

(/usr/local/texlive/2017/texmf-dist/tex/generic/oberdiek/infwarerr.sty
Package: infwarerr 2016/05/16 v1.4 Providing info/warning/error messages (HO)
)
(/usr/local/texlive/2017/texmf-dist/tex/generic/oberdiek/ltxcmds.sty
Package: ltxcmds 2016/05/16 v1.23 LaTeX kernel commands for general use (HO)
)
\Gread@gobject=\count88
))
\Gin@req@height=\dimen105
\Gin@req@width=\dimen106
)
\epsfxsize=\dimen107
\epsfysize=\dimen108
)
(./kmeans.aux)
\openout1 = `kmeans.aux'.

LaTeX Font Info:    Checking defaults for OML/cmm/m/it on input line 14.
LaTeX Font Info:    ... okay on input line 14.
LaTeX Font Info:    Checking defaults for T1/cmr/m/n on input line 14.
LaTeX Font Info:    ... okay on input line 14.
LaTeX Font Info:    Checking defaults for OT1/cmr/m/n on input line 14.
LaTeX Font Info:    ... okay on input line 14.
LaTeX Font Info:    Checking defaults for OMS/cmsy/m/n on input line 14.
LaTeX Font Info:    ... okay on input line 14.
LaTeX Font Info:    Checking defaults for OMX/cmex/m/n on input line 14.
LaTeX Font Info:    ... okay on input line 14.
LaTeX Font Info:    Checking defaults for U/cmr/m/n on input line 14.
LaTeX Font Info:    ... okay on input line 14.

(/usr/local/texlive/2017/texmf-dist/tex/context/base/mkii/supp-pdf.mkii
[Loading MPS to PDF converter (version 2006.09.02).]
\scratchcounter=\count89
\scratchdimen=\dimen109
\scratchbox=\box27
\nofMPsegments=\count90
\nofMParguments=\count91
\everyMPshowfont=\toks16
\MPscratchCnt=\count92
\MPscratchDim=\dimen110
\MPnumerator=\count93
\makeMPintoPDFobject=\count94
\everyMPtoPDFconversion=\toks17
) (/usr/local/texlive/2017/texmf-dist/tex/generic/oberdiek/pdftexcmds.sty
Package: pdftexcmds 2017/03/19 v0.25 Utility functions of pdfTeX for LuaTeX (HO
)

(/usr/local/texlive/2017/texmf-dist/tex/generic/oberdiek/ifluatex.sty
Package: ifluatex 2016/05/16 v1.4 Provides the ifluatex switch (HO)
Package ifluatex Info: LuaTeX not detected.
)
(/usr/local/texlive/2017/texmf-dist/tex/generic/oberdiek/ifpdf.sty
Package: ifpdf 2017/03/15 v3.2 Provides the ifpdf switch
)
Package pdftexcmds Info: LuaTeX not detected.
Package pdftexcmds Info: \pdf@primitive is available.
Package pdftexcmds Info: \pdf@ifprimitive is available.
Package pdftexcmds Info: \pdfdraftmode found.
)
(/usr/local/texlive/2017/texmf-dist/tex/latex/oberdiek/epstopdf-base.sty
Package: epstopdf-base 2016/05/15 v2.6 Base part for package epstopdf

(/usr/local/texlive/2017/texmf-dist/tex/latex/oberdiek/grfext.sty
Package: grfext 2016/05/16 v1.2 Manage graphics extensions (HO)

(/usr/local/texlive/2017/texmf-dist/tex/generic/oberdiek/kvdefinekeys.sty
Package: kvdefinekeys 2016/05/16 v1.4 Define keys (HO)
))
(/usr/local/texlive/2017/texmf-dist/tex/latex/oberdiek/kvoptions.sty
Package: kvoptions 2016/05/16 v3.12 Key value format for package options (HO)

(/usr/local/texlive/2017/texmf-dist/tex/generic/oberdiek/kvsetkeys.sty
Package: kvsetkeys 2016/05/16 v1.17 Key value parser (HO)

(/usr/local/texlive/2017/texmf-dist/tex/generic/oberdiek/etexcmds.sty
Package: etexcmds 2016/05/16 v1.6 Avoid name clashes with e-TeX commands (HO)
Package etexcmds Info: Could not find \expanded.
(etexcmds)             That can mean that you are not using pdfTeX 1.50 or
(etexcmds)             that some package has redefined \expanded.
(etexcmds)             In the latter case, load this package earlier.
)))
Package epstopdf-base Info: Redefining graphics rule for `.eps' on input line 4
38.
Package grfext Info: Graphics extension search list:
(grfext)             [.png,.pdf,.jpg,.mps,.jpeg,.jbig2,.jb2,.PNG,.PDF,.JPG,.JPE
G,.JBIG2,.JB2,.eps]
(grfext)             \AppendGraphicsExtensions on input line 456.

(/usr/local/texlive/2017/texmf-dist/tex/latex/latexconfig/epstopdf-sys.cfg
File: epstopdf-sys.cfg 2010/07/13 v1.3 Configuration of (r)epstopdf for TeX Liv
e
))
<candy.jpeg, id=1, 147.4308pt x 98.2872pt>
File: candy.jpeg Graphic file (type jpg)
 <use candy.jpeg>
Package pdftex.def Info: candy.jpeg used on input line 22.
(pdftex.def)             Requested size: 216.81pt x 144.5479pt.

Underfull \hbox (badness 1005) in paragraph at lines 26--32
\OT1/cmr/m/n/10.95 to man-age your var-i-ous candy-related tasks! Which
 []


Underfull \hbox (badness 1515) in paragraph at lines 26--32
\OT1/cmr/m/n/10.95 ra-tio-nal-ize how best to op-ti-mize your candy ex-pe-ri-
 []


Underfull \hbox (badness 10000) in paragraph at lines 26--32

 []


Underfull \hbox (badness 10000) in paragraph at lines 26--32

 []

LaTeX Font Info:    External font `cmex10' loaded for size
(Font)              <10.95> on input line 36.
LaTeX Font Info:    External font `cmex10' loaded for size
(Font)              <8> on input line 36.
LaTeX Font Info:    External font `cmex10' loaded for size
(Font)              <6> on input line 36.

Underfull \hbox (badness 10000) in paragraph at lines 36--43

 []


Underfull \hbox (badness 10000) in paragraph at lines 36--43

 []


Underfull \hbox (badness 10000) in paragraph at lines 36--43

 []

[1

{/usr/local/texlive/2017/texmf-var/fonts/map/pdftex/updmap/pdftex.map} <./candy
.jpeg>]
Underfull \hbox (badness 10000) in paragraph at lines 77--77
[]\OT1/cmtt/m/n/10.95 3 2 20
 []


Underfull \hbox (badness 10000) in paragraph at lines 77--77
\OT1/cmtt/m/n/10.95 price sweet size
 []


Underfull \hbox (badness 10000) in paragraph at lines 77--77
\OT1/cmtt/m/n/10.95 0.0 0.0 0.0
 []


Underfull \hbox (badness 10000) in paragraph at lines 77--77
\OT1/cmtt/m/n/10.95 2.0 2.0 2.0
 []


Underfull \hbox (badness 10000) in paragraph at lines 77--77
\OT1/cmtt/m/n/10.95 8
 []


Underfull \hbox (badness 10000) in paragraph at lines 77--77
\OT1/cmtt/m/n/10.95 Smarties 1.0 11.0 5.0
 []


Underfull \hbox (badness 10000) in paragraph at lines 77--77
\OT1/cmtt/m/n/10.95 Nerds 1.3 12.0 5.0
 []


Underfull \hbox (badness 10000) in paragraph at lines 77--77
\OT1/cmtt/m/n/10.95 DumDums 1.5 9.0 2.1
 []


Underfull \hbox (badness 10000) in paragraph at lines 77--77
\OT1/cmtt/m/n/10.95 Twix 6.2 2.1 5.8
 []


Underfull \hbox (badness 10000) in paragraph at lines 77--77
\OT1/cmtt/m/n/10.95 Snickers 6.1 2.0 5.1
 []


Underfull \hbox (badness 10000) in paragraph at lines 77--77
\OT1/cmtt/m/n/10.95 SweetTarts 1.9 15.0 4.12
 []


Underfull \hbox (badness 10000) in paragraph at lines 77--77
\OT1/cmtt/m/n/10.95 AirHeadsExtreme 1.1 21.0 5.2
 []


Underfull \hbox (badness 10000) in paragraph at lines 77--77
\OT1/cmtt/m/n/10.95 DarkChocolate 7.0 1.1 3.9
 []


Underfull \hbox (badness 10000) in paragraph at lines 77--77

 []


Underfull \hbox (badness 10000) in paragraph at lines 98--98
[]\OT1/cmtt/m/n/10.95 6.4333 1.7333 4.9333
 []


Underfull \hbox (badness 10000) in paragraph at lines 98--98
\OT1/cmtt/m/n/10.95 Twix
 []


Underfull \hbox (badness 10000) in paragraph at lines 98--98
\OT1/cmtt/m/n/10.95 Snickers
 []


Underfull \hbox (badness 10000) in paragraph at lines 98--98
\OT1/cmtt/m/n/10.95 DarkChocolate
 []


Underfull \hbox (badness 10000) in paragraph at lines 98--98
\OT1/cmtt/m/n/10.95 1.3600 13.6000 4.2840
 []


Underfull \hbox (badness 10000) in paragraph at lines 98--98
\OT1/cmtt/m/n/10.95 Smarties
 []


Underfull \hbox (badness 10000) in paragraph at lines 98--98
\OT1/cmtt/m/n/10.95 Nerds
 []


Underfull \hbox (badness 10000) in paragraph at lines 98--98
\OT1/cmtt/m/n/10.95 DumDums
 []


Underfull \hbox (badness 10000) in paragraph at lines 98--98
\OT1/cmtt/m/n/10.95 SweetTarts
 []


Underfull \hbox (badness 10000) in paragraph at lines 98--98
\OT1/cmtt/m/n/10.95 AirHeadsExtreme
 []


Underfull \hbox (badness 10000) in paragraph at lines 98--98

 []

[2] (./kmeans.aux) ) 
Here is how much of TeX's memory you used:
 1594 strings out of 492995
 22879 string characters out of 6132704
 84837 words of memory out of 5000000
 5146 multiletter control sequences out of 15000+600000
 8065 words of font info for 29 fonts, out of 8000000 for 9000
 1141 hyphenation exceptions out of 8191
 39i,8n,25p,451b,179s stack positions out of 5000i,500n,10000p,200000b,80000s
</usr/local/texlive/2017/texmf-dist/fonts/type1/public/amsf
onts/cm/cmbx10.pfb></usr/local/texlive/2017/texmf-dist/fonts/type1/public/amsfo
nts/cm/cmbx12.pfb></usr/local/texlive/2017/texmf-dist/fonts/type1/public/amsfon
ts/cm/cmmi10.pfb></usr/local/texlive/2017/texmf-dist/fonts/type1/public/amsfont
s/cm/cmr10.pfb></usr/local/texlive/2017/texmf-dist/fonts/type1/public/amsfonts/
cm/cmtt10.pfb>
Output written on kmeans.pdf (2 pages, 144938 bytes).
PDF statistics:
 32 PDF objects out of 1000 (max. 8388607)
 21 compressed objects within 1 object stream
 0 named destinations out of 1000 (max. 500000)
 6 words of extra memory for PDF output out of 10000 (max. 10000000)

